<?xml version="1.0" encoding="UTF-8"?>
<coverage generated="1665102906310" clover="3.2.0">
  <project timestamp="1665102906310" name="All files">
    <metrics statements="29" coveredstatements="29" conditionals="4" coveredconditionals="4" methods="6" coveredmethods="6" elements="39" coveredelements="39" complexity="0" loc="29" ncloc="29" packages="1" files="4" classes="4"/>
    <file name="Methods.js" path="C:\Users\cesarvalencia\Desktop\To-Do-List\src\modules\Methods.js">
      <metrics statements="11" coveredstatements="11" conditionals="2" coveredconditionals="2" methods="2" coveredmethods="2"/>
      <line num="7" count="2" type="stmt"/>
      <line num="8" count="2" type="stmt"/>
      <line num="9" count="2" type="stmt"/>
      <line num="10" count="2" type="cond" truecount="2" falsecount="0"/>
      <line num="11" count="2" type="stmt"/>
      <line num="21" count="2" type="stmt"/>
      <line num="22" count="2" type="stmt"/>
      <line num="25" count="1" type="stmt"/>
      <line num="26" count="2" type="stmt"/>
      <line num="27" count="2" type="stmt"/>
      <line num="28" count="2" type="stmt"/>
    </file>
    <file name="clearallsucces.js" path="C:\Users\cesarvalencia\Desktop\To-Do-List\src\modules\clearallsucces.js">
      <metrics statements="5" coveredstatements="5" conditionals="0" coveredconditionals="0" methods="2" coveredmethods="2"/>
      <line num="2" count="1" type="stmt"/>
      <line num="3" count="3" type="stmt"/>
      <line num="4" count="1" type="stmt"/>
      <line num="5" count="1" type="stmt"/>
      <line num="6" count="1" type="stmt"/>
    </file>
    <file name="constructor.js" path="C:\Users\cesarvalencia\Desktop\To-Do-List\src\modules\constructor.js">
      <metrics statements="3" coveredstatements="3" conditionals="0" coveredconditionals="0" methods="1" coveredmethods="1"/>
      <line num="3" count="7" type="stmt"/>
      <line num="4" count="7" type="stmt"/>
      <line num="5" count="7" type="stmt"/>
    </file>
    <file name="localstorage.js" path="C:\Users\cesarvalencia\Desktop\To-Do-List\src\modules\localstorage.js">
      <metrics statements="10" coveredstatements="10" conditionals="2" coveredconditionals="2" methods="1" coveredmethods="1"/>
      <line num="4" count="3" type="cond" truecount="2" falsecount="0"/>
      <line num="5" count="1" type="stmt"/>
      <line num="6" count="1" type="stmt"/>
      <line num="7" count="1" type="stmt"/>
      <line num="9" count="2" type="stmt"/>
      <line num="10" count="2" type="stmt"/>
      <line num="11" count="2" type="stmt"/>
      <line num="12" count="2" type="stmt"/>
      <line num="13" count="2" type="stmt"/>
      <line num="15" count="3" type="stmt"/>
    </file>
  </project>
</coverage>
