{"C:\\Users\\cesarvalencia\\Desktop\\To-Do-List\\src\\modules\\Methods.js": {"path":"C:\\Users\\cesarvalencia\\Desktop\\To-Do-List\\src\\modules\\Methods.js","statementMap":{"0":{"start":{"line":5,"column":18},"end":{"line":5,"column":27}},"1":{"start":{"line":6,"column":20},"end":{"line":6,"column":22}},"2":{"start":{"line":7,"column":21},"end":{"line":7,"column":56}},"3":{"start":{"line":8,"column":21},"end":{"line":8,"column":57}},"4":{"start":{"line":9,"column":17},"end":{"line":18,"column":12}},"5":{"start":{"line":19,"column":4},"end":{"line":19,"column":52}}},"fnMap":{"0":{"name":"(anonymous_0)","decl":{"start":{"line":4,"column":2},"end":{"line":4,"column":3}},"loc":{"start":{"line":4,"column":26},"end":{"line":21,"column":3}},"line":4}},"branchMap":{"0":{"loc":{"start":{"line":8,"column":21},"end":{"line":8,"column":57}},"type":"cond-expr","locations":[{"start":{"line":8,"column":42},"end":{"line":8,"column":47}},{"start":{"line":8,"column":50},"end":{"line":8,"column":57}}],"line":8}},"s":{"0":7,"1":7,"2":7,"3":7,"4":7,"5":7},"f":{"0":7},"b":{"0":[1,6]},"_coverageSchema":"1a1c01bbd47fc00a2c39e90264f33305004495a9","hash":"739c2ccb2b48a54ca234c2eb1eacb0f5cc892f04"}
,"C:\\Users\\cesarvalencia\\Desktop\\To-Do-List\\src\\modules\\clearallsuccess.js": {"path":"C:\\Users\\cesarvalencia\\Desktop\\To-Do-List\\src\\modules\\clearallsuccess.js","statementMap":{"0":{"start":{"line":2,"column":17},"end":{"line":2,"column":58}},"1":{"start":{"line":3,"column":17},"end":{"line":3,"column":65}},"2":{"start":{"line":3,"column":41},"end":{"line":3,"column":64}},"3":{"start":{"line":4,"column":2},"end":{"line":4,"column":56}},"4":{"start":{"line":5,"column":19},"end":{"line":5,"column":74}},"5":{"start":{"line":9,"column":2},"end":{"line":13,"column":3}},"6":{"start":{"line":10,"column":4},"end":{"line":10,"column":13}},"7":{"start":{"line":12,"column":4},"end":{"line":12,"column":23}},"8":{"start":{"line":15,"column":12},"end":{"line":15,"column":13}},"9":{"start":{"line":17,"column":2},"end":{"line":17,"column":67}}},"fnMap":{"0":{"name":"clearallsuccess","decl":{"start":{"line":1,"column":24},"end":{"line":1,"column":39}},"loc":{"start":{"line":1,"column":42},"end":{"line":23,"column":1}},"line":1},"1":{"name":"(anonymous_1)","decl":{"start":{"line":3,"column":31},"end":{"line":3,"column":32}},"loc":{"start":{"line":3,"column":41},"end":{"line":3,"column":64}},"line":3}},"branchMap":{"0":{"loc":{"start":{"line":9,"column":2},"end":{"line":13,"column":3}},"type":"if","locations":[{"start":{"line":9,"column":2},"end":{"line":13,"column":3}},{"start":{"line":11,"column":9},"end":{"line":13,"column":3}}],"line":9},"1":{"loc":{"start":{"line":17,"column":2},"end":{"line":17,"column":66}},"type":"cond-expr","locations":[{"start":{"line":17,"column":17},"end":{"line":17,"column":62}},{"start":{"line":17,"column":65},"end":{"line":17,"column":66}}],"line":17}},"s":{"0":2,"1":2,"2":6,"3":2,"4":2,"5":2,"6":1,"7":1,"8":2,"9":2},"f":{"0":2,"1":6},"b":{"0":[1,1],"1":[1,1]},"_coverageSchema":"1a1c01bbd47fc00a2c39e90264f33305004495a9","hash":"3d180aba56a1785daa543ac7e6a7bd0277ff49f1"}
,"C:\\Users\\cesarvalencia\\Desktop\\To-Do-List\\src\\modules\\constructor.js": {"path":"C:\\Users\\cesarvalencia\\Desktop\\To-Do-List\\src\\modules\\constructor.js","statementMap":{"0":{"start":{"line":3,"column":4},"end":{"line":3,"column":35}},"1":{"start":{"line":4,"column":4},"end":{"line":4,"column":17}},"2":{"start":{"line":5,"column":4},"end":{"line":5,"column":31}}},"fnMap":{"0":{"name":"(anonymous_0)","decl":{"start":{"line":2,"column":2},"end":{"line":2,"column":3}},"loc":{"start":{"line":2,"column":42},"end":{"line":6,"column":3}},"line":2}},"branchMap":{},"s":{"0":12,"1":12,"2":12},"f":{"0":12},"b":{},"_coverageSchema":"1a1c01bbd47fc00a2c39e90264f33305004495a9","hash":"643be4e5f7b8dce440f9792b7b472d128244731a"}
,"C:\\Users\\cesarvalencia\\Desktop\\To-Do-List\\src\\modules\\localstorage.js": {"path":"C:\\Users\\cesarvalencia\\Desktop\\To-Do-List\\src\\modules\\localstorage.js","statementMap":{"0":{"start":{"line":4,"column":2},"end":{"line":14,"column":3}},"1":{"start":{"line":5,"column":18},"end":{"line":5,"column":20}},"2":{"start":{"line":6,"column":4},"end":{"line":6,"column":25}},"3":{"start":{"line":7,"column":4},"end":{"line":7,"column":57}},"4":{"start":{"line":9,"column":16},"end":{"line":9,"column":57}},"5":{"start":{"line":10,"column":20},"end":{"line":10,"column":30}},"6":{"start":{"line":11,"column":20},"end":{"line":11,"column":66}},"7":{"start":{"line":12,"column":4},"end":{"line":12,"column":22}},"8":{"start":{"line":13,"column":4},"end":{"line":13,"column":55}},"9":{"start":{"line":15,"column":2},"end":{"line":15,"column":58}}},"fnMap":{"0":{"name":"addtasklocalstorage","decl":{"start":{"line":3,"column":24},"end":{"line":3,"column":43}},"loc":{"start":{"line":3,"column":54},"end":{"line":16,"column":1}},"line":3}},"branchMap":{"0":{"loc":{"start":{"line":4,"column":2},"end":{"line":14,"column":3}},"type":"if","locations":[{"start":{"line":4,"column":2},"end":{"line":14,"column":3}},{"start":{"line":8,"column":9},"end":{"line":14,"column":3}}],"line":4}},"s":{"0":3,"1":1,"2":1,"3":1,"4":2,"5":2,"6":2,"7":2,"8":2,"9":3},"f":{"0":3},"b":{"0":[1,2]},"_coverageSchema":"1a1c01bbd47fc00a2c39e90264f33305004495a9","hash":"dd26a613434b6c83bd207a87c992fadc53901387"}
}
