{"C:\\Users\\cesarvalencia\\Desktop\\To-Do-List\\src\\modules\\Methods.js": {"path":"C:\\Users\\cesarvalencia\\Desktop\\To-Do-List\\src\\modules\\Methods.js","statementMap":{"0":{"start":{"line":7,"column":17},"end":{"line":7,"column":26}},"1":{"start":{"line":8,"column":20},"end":{"line":8,"column":22}},"2":{"start":{"line":9,"column":21},"end":{"line":9,"column":56}},"3":{"start":{"line":10,"column":21},"end":{"line":10,"column":57}},"4":{"start":{"line":11,"column":19},"end":{"line":20,"column":12}},"5":{"start":{"line":21,"column":4},"end":{"line":21,"column":52}},"6":{"start":{"line":22,"column":1},"end":{"line":22,"column":18}},"7":{"start":{"line":25,"column":11},"end":{"line":29,"column":5}},"8":{"start":{"line":26,"column":18},"end":{"line":26,"column":53}},"9":{"start":{"line":27,"column":4},"end":{"line":27,"column":21}},"10":{"start":{"line":28,"column":4},"end":{"line":28,"column":11}}},"fnMap":{"0":{"name":"(anonymous_0)","decl":{"start":{"line":6,"column":2},"end":{"line":6,"column":3}},"loc":{"start":{"line":6,"column":26},"end":{"line":23,"column":3}},"line":6},"1":{"name":"(anonymous_1)","decl":{"start":{"line":25,"column":11},"end":{"line":25,"column":12}},"loc":{"start":{"line":25,"column":17},"end":{"line":29,"column":5}},"line":25}},"branchMap":{"0":{"loc":{"start":{"line":10,"column":21},"end":{"line":10,"column":57}},"type":"cond-expr","locations":[{"start":{"line":10,"column":42},"end":{"line":10,"column":47}},{"start":{"line":10,"column":50},"end":{"line":10,"column":57}}],"line":10}},"s":{"0":2,"1":2,"2":2,"3":2,"4":2,"5":2,"6":2,"7":1,"8":2,"9":2,"10":2},"f":{"0":2,"1":2},"b":{"0":[1,1]},"_coverageSchema":"1a1c01bbd47fc00a2c39e90264f33305004495a9","hash":"1cbce19a24ab678ff0de7df2b5dc72f36834cc85"}
,"C:\\Users\\cesarvalencia\\Desktop\\To-Do-List\\src\\modules\\constructor.js": {"path":"C:\\Users\\cesarvalencia\\Desktop\\To-Do-List\\src\\modules\\constructor.js","statementMap":{"0":{"start":{"line":3,"column":4},"end":{"line":3,"column":35}},"1":{"start":{"line":4,"column":4},"end":{"line":4,"column":17}},"2":{"start":{"line":5,"column":4},"end":{"line":5,"column":31}}},"fnMap":{"0":{"name":"(anonymous_0)","decl":{"start":{"line":2,"column":2},"end":{"line":2,"column":3}},"loc":{"start":{"line":2,"column":41},"end":{"line":6,"column":3}},"line":2}},"branchMap":{},"s":{"0":7,"1":7,"2":7},"f":{"0":7},"b":{},"_coverageSchema":"1a1c01bbd47fc00a2c39e90264f33305004495a9","hash":"9bb214d1fb2282a0d6bf1b5ee5c758f994385d0f"}
,"C:\\Users\\cesarvalencia\\Desktop\\To-Do-List\\src\\modules\\localstorage.js": {"path":"C:\\Users\\cesarvalencia\\Desktop\\To-Do-List\\src\\modules\\localstorage.js","statementMap":{"0":{"start":{"line":4,"column":2},"end":{"line":14,"column":3}},"1":{"start":{"line":5,"column":18},"end":{"line":5,"column":20}},"2":{"start":{"line":6,"column":4},"end":{"line":6,"column":25}},"3":{"start":{"line":7,"column":4},"end":{"line":7,"column":57}},"4":{"start":{"line":9,"column":16},"end":{"line":9,"column":57}},"5":{"start":{"line":10,"column":20},"end":{"line":10,"column":30}},"6":{"start":{"line":11,"column":20},"end":{"line":11,"column":65}},"7":{"start":{"line":12,"column":4},"end":{"line":12,"column":22}},"8":{"start":{"line":13,"column":4},"end":{"line":13,"column":55}},"9":{"start":{"line":15,"column":2},"end":{"line":15,"column":58}}},"fnMap":{"0":{"name":"addtasklocalstorage","decl":{"start":{"line":3,"column":24},"end":{"line":3,"column":43}},"loc":{"start":{"line":3,"column":54},"end":{"line":16,"column":1}},"line":3}},"branchMap":{"0":{"loc":{"start":{"line":4,"column":2},"end":{"line":14,"column":3}},"type":"if","locations":[{"start":{"line":4,"column":2},"end":{"line":14,"column":3}},{"start":{"line":8,"column":9},"end":{"line":14,"column":3}}],"line":4}},"s":{"0":3,"1":1,"2":1,"3":1,"4":2,"5":2,"6":2,"7":2,"8":2,"9":3},"f":{"0":3},"b":{"0":[1,2]},"_coverageSchema":"1a1c01bbd47fc00a2c39e90264f33305004495a9","hash":"77f402fb306345f6dec17d967ad01e519bd9c0fe"}
}
