TN:
SF:src\modules\Methods.js
FN:6,(anonymous_0)
FN:25,(anonymous_1)
FNF:2
FNH:2
FNDA:2,(anonymous_0)
FNDA:2,(anonymous_1)
DA:7,2
DA:8,2
DA:9,2
DA:10,2
DA:11,2
DA:21,2
DA:22,2
DA:25,1
DA:26,2
DA:27,2
DA:28,2
LF:11
LH:11
BRDA:10,0,0,1
BRDA:10,0,1,1
BRF:2
BRH:2
end_of_record
TN:
SF:src\modules\clearallsucces.js
FN:1,clearallsuccess
FN:3,(anonymous_1)
FNF:2
FNH:2
FNDA:1,clearallsuccess
FNDA:3,(anonymous_1)
DA:2,1
DA:3,3
DA:4,1
DA:5,1
DA:6,1
LF:5
LH:5
BRF:0
BRH:0
end_of_record
TN:
SF:src\modules\constructor.js
FN:2,(anonymous_0)
FNF:1
FNH:1
FNDA:7,(anonymous_0)
DA:3,7
DA:4,7
DA:5,7
LF:3
LH:3
BRF:0
BRH:0
end_of_record
TN:
SF:src\modules\localstorage.js
FN:3,addtasklocalstorage
FNF:1
FNH:1
FNDA:3,addtasklocalstorage
DA:4,3
DA:5,1
DA:6,1
DA:7,1
DA:9,2
DA:10,2
DA:11,2
DA:12,2
DA:13,2
DA:15,3
LF:10
LH:10
BRDA:4,0,0,1
BRDA:4,0,1,2
BRF:2
BRH:2
end_of_record
