TN:
SF:src\modules\Methods.js
FN:5,(anonymous_0)
FN:24,(anonymous_1)
FNF:2
FNH:2
FNDA:7,(anonymous_0)
FNDA:7,(anonymous_1)
DA:6,7
DA:7,7
DA:8,7
DA:9,7
DA:10,7
DA:20,7
DA:21,7
DA:24,2
DA:25,7
DA:26,7
LF:10
LH:10
BRDA:9,0,0,1
BRDA:9,0,1,6
BRDA:26,1,0,3
BRDA:26,1,1,4
BRF:4
BRH:4
end_of_record
TN:
SF:src\modules\clearallsuccess.js
FN:3,clearallsuccess
FN:5,(anonymous_1)
FNF:2
FNH:2
FNDA:2,clearallsuccess
FNDA:6,(anonymous_1)
DA:4,2
DA:5,6
DA:6,2
DA:7,2
DA:9,2
DA:10,1
DA:12,1
DA:14,2
DA:15,2
DA:16,2
LF:10
LH:10
BRDA:9,0,0,1
BRDA:9,0,1,1
BRDA:15,1,0,1
BRDA:15,1,1,1
BRF:4
BRH:4
end_of_record
TN:
SF:src\modules\constructor.js
FN:2,(anonymous_0)
FNF:1
FNH:1
FNDA:12,(anonymous_0)
DA:3,12
DA:4,12
DA:5,12
LF:3
LH:3
BRF:0
BRH:0
end_of_record
TN:
SF:src\modules\localstorage.js
FN:3,addtasklocalstorage
FNF:1
FNH:1
FNDA:3,addtasklocalstorage
DA:4,3
DA:5,1
DA:6,1
DA:7,1
DA:9,2
DA:10,2
DA:11,2
DA:12,2
DA:13,2
DA:15,3
LF:10
LH:10
BRDA:4,0,0,1
BRDA:4,0,1,2
BRF:2
BRH:2
end_of_record
